{"level":"info","message":"User:apoorvmehta@sjsu.edu bid for WD Passportitem id:5300","timestamp":"7:19:09 PM"}
{"level":"info","message":"User:apoorvmehta@sjsu.edu bid for WD Passportitem id:510","timestamp":"7:19:53 PM"}
{"level":"info","message":"User:apoorvmehta@sjsu.edu bid for WD Passportitem id:5 Amount:155","timestamp":"7:21:12 PM"}
{"level":"info","message":"User:apoorvmehta@sjsu.edu bid for WD Passportitem id:5 Amount:25","timestamp":"7:21:28 PM"}
{"level":"info","message":"User:apoorvmehta@sjsu.edu bid for WD Passportitem id:5 Amount:25","timestamp":"7:21:33 PM"}
{"level":"info","message":"User:apoorv92@rediffmail.com bid for WD Passportitem id:5 Amount:55","timestamp":"7:23:13 PM"}
{"level":"info","message":"User:apoorv92@rediffmail.com bid for WD Passportitem id:5 Amount:55","timestamp":"7:23:13 PM"}
{"level":"info","message":"User:apoorv92@rediffmail.com bid for San Disk USBitem id:6 Amount:25","timestamp":"7:23:16 PM"}
{"level":"info","message":"User:apoorv92@rediffmail.com bid for Canonitem id:7 Amount:23","timestamp":"7:23:18 PM"}
{"level":"info","message":"User:apoorv92@rediffmail.com bid for WD Passportitem id:5 Amount:553","timestamp":"7:23:21 PM"}
{"level":"info","message":"User:apoorv92@rediffmail.com bid for San Disk USBitem id:6 Amount:35","timestamp":"7:23:23 PM"}
{"level":"info","message":"User:apoorv92@rediffmail.com bid for Canonitem id:7 Amount:24","timestamp":"7:25:08 PM"}
{"level":"info","message":"User:ak@gmail.com bid for Acutionitem id:undefined Amount:200","timestamp":"10:36:02 PM"}
{"level":"info","message":"User:ak@gmail.com bid for Acutionitem id:undefined Amount:200","timestamp":"10:37:29 PM"}
{"level":"info","message":"User:apoorvmehta@sjsu.edu bid for Auction Item1item id:undefined Amount:500","timestamp":"11:53:30 PM"}
{"level":"info","message":"User:apoorvmehta@sjsu.edu bid for Auction Item1item id:undefined Amount:400","timestamp":"11:56:21 PM"}
{"level":"info","message":"User:apoorvmehta@sjsu.edu bid for Auction Item1item id:undefined Amount:400","timestamp":"11:58:21 PM"}
{"level":"info","message":"User:apoorvmehta@sjsu.edu bid for Auction Item1item id:undefined Amount:undefined","timestamp":"11:58:34 PM"}
{"level":"info","message":"User:apoorvmehta@sjsu.edu bid for Auction Item1item id:undefined Amount:340","timestamp":"11:59:07 PM"}
{"level":"info","message":"User:apoorvmehta@sjsu.edu bid for Auction Item1item id:undefined Amount:234","timestamp":"12:00:36 AM"}
{"level":"info","message":"User:apoorvmehta@sjsu.edu bid for Auction Item1item id:undefined Amount:234","timestamp":"12:02:36 AM"}
{"level":"info","message":"User:apoorvmehta@sjsu.edu bid for Auction Item1item id:undefined Amount:234","timestamp":"12:02:45 AM"}
